2019-02-07 15:51:47  main INFO parity_ethereum::run  Starting Parity-Ethereum/v2.3.0-unstable-10657d96c-20190115/x86_64-windows-msvc/rustc1.31.1
2019-02-07 15:51:47  main INFO parity_ethereum::run  Keys path db.alice\keys\DevelopmentChain
2019-02-07 15:51:47  main INFO parity_ethereum::run  DB path db.alice\chains\DevelopmentChain\db\1484bce8c021f2ca
2019-02-07 15:51:47  main INFO parity_ethereum::run  State DB configuration: fast
2019-02-07 15:51:47  main INFO parity_ethereum::run  Operating mode: active
2019-02-07 15:51:47  main INFO ethcore_service::service  Configured for DevelopmentChain using InstantSeal engine
2019-02-07 15:51:47  main WARN jsonrpc_http_server  Multi-threaded server is not available on Windows. Falling back to single thread.
2019-02-07 15:51:52  IO Worker #3 INFO network  Public node URL: enode://d0cce38a3d06e9792d15989174631469599bb5ebd988268fba36591ed0d193b26eb2ddd6af2704c36e50693af46836b30a9eb5a737335821edee814eb8455188@127.0.0.1:30300
2019-02-07 15:52:22  IO Worker #3 INFO import     1/25 peers      9 KiB chain   20 KiB db  0 bytes queue   10 KiB sync  RPC:  0 conn,    1 req/s,  116 µs
2019-02-07 15:52:22  IO Worker #3 DEBUG txqueue  Re-computing pending set for block: 2
2019-02-07 15:52:52  IO Worker #1 INFO import     3/25 peers      9 KiB chain   20 KiB db  0 bytes queue   10 KiB sync  RPC:  0 conn,    1 req/s,   58 µs
2019-02-07 15:53:22  IO Worker #2 INFO import     4/25 peers      9 KiB chain   20 KiB db  0 bytes queue   10 KiB sync  RPC:  0 conn,    2 req/s,   58 µs
2019-02-07 15:53:52  IO Worker #0 INFO import     4/25 peers      9 KiB chain   20 KiB db  0 bytes queue   10 KiB sync  RPC:  0 conn,    2 req/s,   58 µs
2019-02-07 15:54:22  IO Worker #0 INFO import     3/25 peers      9 KiB chain   20 KiB db  0 bytes queue   10 KiB sync  RPC:  0 conn,    0 req/s,   62 µs
2019-02-07 15:54:52  IO Worker #1 INFO import     4/25 peers      9 KiB chain   20 KiB db  0 bytes queue   10 KiB sync  RPC:  0 conn,    0 req/s,   52 µs
2019-02-07 15:55:22  IO Worker #1 INFO import     4/25 peers      9 KiB chain   20 KiB db  0 bytes queue   10 KiB sync  RPC:  0 conn,    0 req/s,   52 µs
2019-02-07 15:55:52  IO Worker #0 INFO import     4/25 peers      9 KiB chain   20 KiB db  0 bytes queue   10 KiB sync  RPC:  0 conn,    0 req/s,   46 µs
2019-02-07 15:56:22  IO Worker #0 INFO import     4/25 peers      9 KiB chain   20 KiB db  0 bytes queue   10 KiB sync  RPC:  0 conn,    4 req/s,   45 µs
2019-02-07 15:56:52  IO Worker #1 INFO import     4/25 peers      9 KiB chain   20 KiB db  0 bytes queue   10 KiB sync  RPC:  0 conn,    5 req/s,   44 µs
2019-02-07 15:57:22  IO Worker #0 INFO import     4/25 peers      9 KiB chain   20 KiB db  0 bytes queue   10 KiB sync  RPC:  0 conn,    0 req/s,   47 µs
2019-02-07 15:57:52  IO Worker #1 INFO import     4/25 peers      9 KiB chain   20 KiB db  0 bytes queue   10 KiB sync  RPC:  0 conn,    5 req/s,   50 µs
2019-02-07 15:58:22  IO Worker #0 INFO import     4/25 peers      9 KiB chain   20 KiB db  0 bytes queue   10 KiB sync  RPC:  0 conn,    0 req/s,   50 µs
2019-02-07 15:58:52  IO Worker #0 INFO import     4/25 peers      9 KiB chain   20 KiB db  0 bytes queue   10 KiB sync  RPC:  0 conn,    6 req/s,   42 µs
2019-02-07 15:59:22  IO Worker #3 INFO import     4/25 peers      9 KiB chain   20 KiB db  0 bytes queue   10 KiB sync  RPC:  0 conn,    6 req/s,   41 µs
2019-02-07 15:59:52  IO Worker #3 INFO import     4/25 peers      9 KiB chain   20 KiB db  0 bytes queue   10 KiB sync  RPC:  0 conn,    7 req/s,   41 µs
2019-02-07 16:00:22  IO Worker #2 INFO import     4/25 peers      9 KiB chain   20 KiB db  0 bytes queue   10 KiB sync  RPC:  0 conn,    0 req/s,   54 µs
2019-02-07 16:00:52  IO Worker #1 INFO import     4/25 peers      9 KiB chain   20 KiB db  0 bytes queue   10 KiB sync  RPC:  0 conn,    8 req/s,   59 µs
2019-02-07 16:01:22  IO Worker #0 INFO import     4/25 peers      9 KiB chain   20 KiB db  0 bytes queue   10 KiB sync  RPC:  0 conn,    8 req/s,   59 µs
2019-02-07 16:01:52  IO Worker #0 INFO import     4/25 peers      9 KiB chain   20 KiB db  0 bytes queue   10 KiB sync  RPC:  0 conn,    0 req/s,   54 µs
2019-02-07 16:02:22  IO Worker #0 INFO import     4/25 peers      9 KiB chain   20 KiB db  0 bytes queue   10 KiB sync  RPC:  0 conn,    9 req/s,   49 µs
2019-02-07 16:02:52  IO Worker #0 INFO import     4/25 peers      9 KiB chain   20 KiB db  0 bytes queue   10 KiB sync  RPC:  0 conn,    0 req/s,   48 µs
2019-02-07 16:03:22  IO Worker #2 INFO import     4/25 peers      9 KiB chain   20 KiB db  0 bytes queue   10 KiB sync  RPC:  0 conn,   10 req/s,   50 µs
2019-02-07 16:03:52  IO Worker #1 INFO import     4/25 peers      9 KiB chain   20 KiB db  0 bytes queue   10 KiB sync  RPC:  0 conn,    0 req/s,   51 µs
2019-02-07 16:04:22  IO Worker #0 INFO import     4/25 peers      9 KiB chain   20 KiB db  0 bytes queue   10 KiB sync  RPC:  0 conn,   11 req/s,   59 µs
2019-02-07 16:04:52  IO Worker #1 INFO import     4/25 peers      9 KiB chain   20 KiB db  0 bytes queue   10 KiB sync  RPC:  0 conn,   11 req/s,   39 µs
2019-02-07 16:05:22  IO Worker #0 INFO import     4/25 peers      9 KiB chain   20 KiB db  0 bytes queue   10 KiB sync  RPC:  0 conn,   12 req/s,   39 µs
2019-02-07 16:05:52  IO Worker #1 INFO import     4/25 peers      9 KiB chain   20 KiB db  0 bytes queue   10 KiB sync  RPC:  0 conn,    0 req/s,   36 µs
2019-02-07 16:06:22  IO Worker #2 INFO import     4/25 peers      9 KiB chain   20 KiB db  0 bytes queue   10 KiB sync  RPC:  0 conn,   12 req/s,   37 µs
2019-02-07 16:06:52  IO Worker #1 INFO import     4/25 peers      9 KiB chain   20 KiB db  0 bytes queue   10 KiB sync  RPC:  0 conn,    0 req/s,   46 µs
2019-02-07 16:07:22  IO Worker #3 INFO import     4/25 peers      9 KiB chain   20 KiB db  0 bytes queue   10 KiB sync  RPC:  0 conn,   13 req/s,   46 µs
2019-02-07 16:07:52  IO Worker #1 INFO import     4/25 peers      9 KiB chain   20 KiB db  0 bytes queue   10 KiB sync  RPC:  0 conn,   13 req/s,   43 µs
2019-02-07 16:08:22  IO Worker #2 INFO import     4/25 peers      9 KiB chain   20 KiB db  0 bytes queue   10 KiB sync  RPC:  0 conn,   14 req/s,   36 µs
2019-02-07 16:08:52  IO Worker #3 INFO import     4/25 peers      9 KiB chain   20 KiB db  0 bytes queue   10 KiB sync  RPC:  0 conn,   14 req/s,   40 µs
2019-02-07 16:09:16  main INFO parity_ethereum::run  Finishing work, please wait...
2019-02-07 16:10:16  main WARN parity_ethereum::run  Shutdown is taking longer than expected.
2019-02-07 16:14:16  main WARN parity_ethereum::run  Shutdown timeout reached, exiting uncleanly.
